C:\USERS\SAMUEL BENTON\GOOGLE DRIVE\MMF2 EXTENSIONS\XABLE SESSION TIMER\EXTENSIONS\TEMPLATE\RELEASERUNTIME\OBJECTSELECTION.OBJ
C:\USERS\SAMUEL BENTON\GOOGLE DRIVE\MMF2 EXTENSIONS\XABLE SESSION TIMER\EXTENSIONS\TEMPLATE\RELEASERUNTIME\EDIF.RUNTIME.OBJ
C:\USERS\SAMUEL BENTON\GOOGLE DRIVE\MMF2 EXTENSIONS\XABLE SESSION TIMER\EXTENSIONS\TEMPLATE\RELEASERUNTIME\EDIF.GENERAL.OBJ
C:\USERS\SAMUEL BENTON\GOOGLE DRIVE\MMF2 EXTENSIONS\XABLE SESSION TIMER\EXTENSIONS\TEMPLATE\RELEASERUNTIME\EDIF.EDITTIME.OBJ
C:\USERS\SAMUEL BENTON\GOOGLE DRIVE\MMF2 EXTENSIONS\XABLE SESSION TIMER\EXTENSIONS\TEMPLATE\RELEASERUNTIME\EDIF.OBJ
C:\USERS\SAMUEL BENTON\GOOGLE DRIVE\MMF2 EXTENSIONS\XABLE SESSION TIMER\EXTENSIONS\TEMPLATE\RELEASERUNTIME\EXTENSION.OBJ
C:\USERS\SAMUEL BENTON\GOOGLE DRIVE\MMF2 EXTENSIONS\XABLE SESSION TIMER\EXTENSIONS\TEMPLATE\RELEASERUNTIME\EXPRESSIONS.OBJ
C:\USERS\SAMUEL BENTON\GOOGLE DRIVE\MMF2 EXTENSIONS\XABLE SESSION TIMER\EXTENSIONS\TEMPLATE\RELEASERUNTIME\CONDITIONS.OBJ
C:\USERS\SAMUEL BENTON\GOOGLE DRIVE\MMF2 EXTENSIONS\XABLE SESSION TIMER\EXTENSIONS\TEMPLATE\RELEASERUNTIME\ACTIONS.OBJ
C:\USERS\SAMUEL BENTON\GOOGLE DRIVE\MMF2 EXTENSIONS\XABLE SESSION TIMER\EXTENSIONS\TEMPLATE\RELEASERUNTIME\TEXT.OBJ
C:\USERS\SAMUEL BENTON\GOOGLE DRIVE\MMF2 EXTENSIONS\XABLE SESSION TIMER\EXTENSIONS\TEMPLATE\RELEASERUNTIME\RUNTIME.OBJ
C:\USERS\SAMUEL BENTON\GOOGLE DRIVE\MMF2 EXTENSIONS\XABLE SESSION TIMER\EXTENSIONS\TEMPLATE\RELEASERUNTIME\DEBUGGER.OBJ
C:\USERS\SAMUEL BENTON\GOOGLE DRIVE\MMF2 EXTENSIONS\XABLE SESSION TIMER\EXTENSIONS\TEMPLATE\RELEASERUNTIME\GENERAL.OBJ
C:\USERS\SAMUEL BENTON\GOOGLE DRIVE\MMF2 EXTENSIONS\XABLE SESSION TIMER\EXTENSIONS\TEMPLATE\RELEASERUNTIME\TEXTPROPS.OBJ
C:\USERS\SAMUEL BENTON\GOOGLE DRIVE\MMF2 EXTENSIONS\XABLE SESSION TIMER\EXTENSIONS\TEMPLATE\RELEASERUNTIME\PROPERTIES.OBJ
C:\USERS\SAMUEL BENTON\GOOGLE DRIVE\MMF2 EXTENSIONS\XABLE SESSION TIMER\EXTENSIONS\TEMPLATE\RELEASERUNTIME\EDITTIME.OBJ
C:\USERS\SAMUEL BENTON\GOOGLE DRIVE\MMF2 EXTENSIONS\XABLE SESSION TIMER\EXTENSIONS\TEMPLATE\RELEASERUNTIME\CUSTOMPARAMS.OBJ
C:\USERS\SAMUEL BENTON\GOOGLE DRIVE\MMF2 EXTENSIONS\XABLE SESSION TIMER\EXTENSIONS\TEMPLATE\RELEASERUNTIME\VC110.PDB
C:\USERS\SAMUEL BENTON\GOOGLE DRIVE\MMF2 EXTENSIONS\XABLE SESSION TIMER\EXTENSIONS\TEMPLATE\RELEASERUNTIME\JSON.OBJ
C:\USERS\XABLE\GOOGLE DRIVE\MMF2 EXTENSIONS\XABLE SESSION TIMER\EXTENSIONS\TEMPLATE\RELEASERUNTIME\JSON.OBJ
C:\USERS\XABLE\GOOGLE DRIVE\MMF2 EXTENSIONS\XABLE SESSION TIMER\EXTENSIONS\TEMPLATE\RELEASERUNTIME\VC110.PDB
C:\USERS\XABLE\GOOGLE DRIVE\MMF2 EXTENSIONS\XABLE SESSION TIMER\EXTENSIONS\TEMPLATE\RELEASERUNTIME\EXPRESSIONS.OBJ
C:\USERS\XABLE\GOOGLE DRIVE\MMF2 EXTENSIONS\XABLE SESSION TIMER\EXTENSIONS\TEMPLATE\RELEASERUNTIME\DEBUGGER.OBJ
C:\USERS\SAMUEL BENTON\GOOGLE DRIVE\MMF2 EXTENSIONS\XABLE SESSION TIMER\EXTENSIONS\TEMPLATE\MFX\DATA\RUNTIME\XABLE SESSION OBJECT.MFX
C:\USERS\XABLE\GOOGLE DRIVE\MMF2 EXTENSIONS\XABLE SESSION TIMER\EXTENSIONS\TEMPLATE\MFX\DATA\RUNTIME\XABLE SESSION OBJECT.MFX
C:\USERS\SAMUEL BENTON\GOOGLE DRIVE\MMF2 EXTENSIONS\XABLE SESSION TIMER\EXTENSIONS\TEMPLATE\RELEASERUNTIME\EXT.RES
C:\USERS\XABLE\GOOGLE DRIVE\MMF2 EXTENSIONS\XABLE SESSION TIMER\EXTENSIONS\TEMPLATE\RELEASERUNTIME\EXT.RES
C:\Users\Samuel Benton\Google Drive\MMF2 Extensions\Xable Session Timer\Extensions\Template\ReleaseRuntime\Template.lib
C:\Users\Samuel Benton\Google Drive\MMF2 Extensions\Xable Session Timer\Extensions\Template\ReleaseRuntime\Template.exp
C:\Users\Xable\Google Drive\MMF2 Extensions\Xable Session Timer\Extensions\Template\ReleaseRuntime\Template.lib
C:\Users\Xable\Google Drive\MMF2 Extensions\Xable Session Timer\Extensions\Template\ReleaseRuntime\Template.exp
C:\Users\Xable\Google Drive\MMF2 Extensions\Xable Session Timer\Extensions\Template\ReleaseRuntime\Actions.obj
C:\Users\Xable\Google Drive\MMF2 Extensions\Xable Session Timer\Extensions\Template\ReleaseRuntime\Conditions.obj
C:\Users\Xable\Google Drive\MMF2 Extensions\Xable Session Timer\Extensions\Template\ReleaseRuntime\CustomParams.obj
C:\Users\Xable\Google Drive\MMF2 Extensions\Xable Session Timer\Extensions\Template\ReleaseRuntime\Debugger.obj
C:\Users\Xable\Google Drive\MMF2 Extensions\Xable Session Timer\Extensions\Template\ReleaseRuntime\Edif.Edittime.obj
C:\Users\Xable\Google Drive\MMF2 Extensions\Xable Session Timer\Extensions\Template\ReleaseRuntime\Edif.General.obj
C:\Users\Xable\Google Drive\MMF2 Extensions\Xable Session Timer\Extensions\Template\ReleaseRuntime\Edif.obj
C:\Users\Xable\Google Drive\MMF2 Extensions\Xable Session Timer\Extensions\Template\ReleaseRuntime\Edif.Runtime.obj
C:\Users\Xable\Google Drive\MMF2 Extensions\Xable Session Timer\Extensions\Template\ReleaseRuntime\Edittime.obj
C:\Users\Xable\Google Drive\MMF2 Extensions\Xable Session Timer\Extensions\Template\ReleaseRuntime\Expressions.obj
C:\Users\Xable\Google Drive\MMF2 Extensions\Xable Session Timer\Extensions\Template\ReleaseRuntime\Extension.obj
C:\Users\Xable\Google Drive\MMF2 Extensions\Xable Session Timer\Extensions\Template\ReleaseRuntime\General.obj
C:\Users\Xable\Google Drive\MMF2 Extensions\Xable Session Timer\Extensions\Template\ReleaseRuntime\json.obj
C:\Users\Xable\Google Drive\MMF2 Extensions\Xable Session Timer\Extensions\Template\ReleaseRuntime\ObjectSelection.obj
C:\Users\Xable\Google Drive\MMF2 Extensions\Xable Session Timer\Extensions\Template\ReleaseRuntime\Properties.obj
C:\Users\Xable\Google Drive\MMF2 Extensions\Xable Session Timer\Extensions\Template\ReleaseRuntime\Runtime.obj
C:\Users\Xable\Google Drive\MMF2 Extensions\Xable Session Timer\Extensions\Template\ReleaseRuntime\Text.obj
C:\Users\Xable\Google Drive\MMF2 Extensions\Xable Session Timer\Extensions\Template\ReleaseRuntime\TextProps.obj
C:\Users\Xable\Google Drive\MMF2 Extensions\Xable Session Timer\Extensions\Template\ReleaseRuntime\cl.command.1.tlog
C:\Users\Xable\Google Drive\MMF2 Extensions\Xable Session Timer\Extensions\Template\ReleaseRuntime\CL.read.1.tlog
C:\Users\Xable\Google Drive\MMF2 Extensions\Xable Session Timer\Extensions\Template\ReleaseRuntime\CL.write.1.tlog
C:\Users\Xable\Google Drive\MMF2 Extensions\Xable Session Timer\Extensions\Template\ReleaseRuntime\link-cvtres.read.1.tlog
C:\Users\Xable\Google Drive\MMF2 Extensions\Xable Session Timer\Extensions\Template\ReleaseRuntime\link-cvtres.write.1.tlog
C:\Users\Xable\Google Drive\MMF2 Extensions\Xable Session Timer\Extensions\Template\ReleaseRuntime\link.command.1.tlog
C:\Users\Xable\Google Drive\MMF2 Extensions\Xable Session Timer\Extensions\Template\ReleaseRuntime\link.read.1.tlog
C:\Users\Xable\Google Drive\MMF2 Extensions\Xable Session Timer\Extensions\Template\ReleaseRuntime\link.write.1.tlog
C:\Users\Xable\Google Drive\MMF2 Extensions\Xable Session Timer\Extensions\Template\ReleaseRuntime\rc.command.1.tlog
C:\Users\Xable\Google Drive\MMF2 Extensions\Xable Session Timer\Extensions\Template\ReleaseRuntime\rc.read.1.tlog
C:\Users\Xable\Google Drive\MMF2 Extensions\Xable Session Timer\Extensions\Template\ReleaseRuntime\rc.write.1.tlog
C:\Users\Xable\Google Drive\MMF2 Extensions\Xable Session Timer\Extensions\Template\ReleaseRuntime\Xable Session Object.write.1.tlog
C:\Users\Xable\Google Drive\MMF2 Extensions\Xable Session Timer\Extensions\Template\ReleaseRuntime\Ext.res
C:\Users\Xable\Google Drive\MMF2 Extensions\Xable Session Timer\Extensions\Template\ReleaseRuntime\vc110.pdb
