C:\USERS\XABLE\GOOGLE DRIVE\MMF2 EXTENSIONS\XABLE CARD OBJECT\EXTENSIONS\TEMPLATE\EDITTIME HWA\JSON.OBJ
C:\USERS\XABLE\GOOGLE DRIVE\MMF2 EXTENSIONS\XABLE CARD OBJECT\EXTENSIONS\TEMPLATE\EDITTIME HWA\VC110.PDB
C:\USERS\XABLE\GOOGLE DRIVE\MMF2 EXTENSIONS\XABLE CARD OBJECT\EXTENSIONS\TEMPLATE\EDITTIME HWA\TEXTPROPS.OBJ
C:\USERS\XABLE\GOOGLE DRIVE\MMF2 EXTENSIONS\XABLE CARD OBJECT\EXTENSIONS\TEMPLATE\EDITTIME HWA\TEXT.OBJ
C:\USERS\XABLE\GOOGLE DRIVE\MMF2 EXTENSIONS\XABLE CARD OBJECT\EXTENSIONS\TEMPLATE\EDITTIME HWA\RUNTIME.OBJ
C:\USERS\XABLE\GOOGLE DRIVE\MMF2 EXTENSIONS\XABLE CARD OBJECT\EXTENSIONS\TEMPLATE\EDITTIME HWA\PROPERTIES.OBJ
C:\USERS\XABLE\GOOGLE DRIVE\MMF2 EXTENSIONS\XABLE CARD OBJECT\EXTENSIONS\TEMPLATE\EDITTIME HWA\GENERAL.OBJ
C:\USERS\XABLE\GOOGLE DRIVE\MMF2 EXTENSIONS\XABLE CARD OBJECT\EXTENSIONS\TEMPLATE\EDITTIME HWA\EXTENSION.OBJ
C:\USERS\XABLE\GOOGLE DRIVE\MMF2 EXTENSIONS\XABLE CARD OBJECT\EXTENSIONS\TEMPLATE\EDITTIME HWA\DEBUGGER.OBJ
C:\USERS\XABLE\GOOGLE DRIVE\MMF2 EXTENSIONS\XABLE CARD OBJECT\EXTENSIONS\TEMPLATE\EDITTIME HWA\CUSTOMPARAMS.OBJ
C:\USERS\XABLE\GOOGLE DRIVE\MMF2 EXTENSIONS\XABLE CARD OBJECT\EXTENSIONS\TEMPLATE\EDITTIME HWA\CONDITIONS.OBJ
C:\USERS\XABLE\GOOGLE DRIVE\MMF2 EXTENSIONS\XABLE CARD OBJECT\EXTENSIONS\TEMPLATE\EDITTIME HWA\ACTIONS.OBJ
C:\USERS\XABLE\GOOGLE DRIVE\MMF2 EXTENSIONS\XABLE CARD OBJECT\EXTENSIONS\TEMPLATE\EDITTIME HWA\OBJECTSELECTION.OBJ
C:\USERS\XABLE\GOOGLE DRIVE\MMF2 EXTENSIONS\XABLE CARD OBJECT\EXTENSIONS\TEMPLATE\EDITTIME HWA\EDIF.OBJ
C:\USERS\XABLE\GOOGLE DRIVE\MMF2 EXTENSIONS\XABLE CARD OBJECT\EXTENSIONS\TEMPLATE\EDITTIME HWA\EDIF.RUNTIME.OBJ
C:\USERS\XABLE\GOOGLE DRIVE\MMF2 EXTENSIONS\XABLE CARD OBJECT\EXTENSIONS\TEMPLATE\EDITTIME HWA\EDIF.GENERAL.OBJ
C:\USERS\XABLE\GOOGLE DRIVE\MMF2 EXTENSIONS\XABLE CARD OBJECT\EXTENSIONS\TEMPLATE\EDITTIME HWA\EDIF.EDITTIME.OBJ
C:\USERS\XABLE\GOOGLE DRIVE\MMF2 EXTENSIONS\XABLE CARD OBJECT\EXTENSIONS\TEMPLATE\MFX\EXTENSIONS\HWA\XABLE CARD OBJECT.MFX
C:\USERS\XABLE\GOOGLE DRIVE\MMF2 EXTENSIONS\XABLE CARD OBJECT\EXTENSIONS\TEMPLATE\EDITTIME HWA\EXT.RES
C:\Users\Xable\Google Drive\MMF2 Extensions\Xable Card Object\Extensions\Template\Edittime HWA\Template.lib
C:\Users\Xable\Google Drive\MMF2 Extensions\Xable Card Object\Extensions\Template\Edittime HWA\Template.exp
C:\Users\Xable\Google Drive\MMF2 Extensions\Xable Card Object\Extensions\Template\Edittime HWA\Actions.obj
C:\Users\Xable\Google Drive\MMF2 Extensions\Xable Card Object\Extensions\Template\Edittime HWA\Conditions.obj
C:\Users\Xable\Google Drive\MMF2 Extensions\Xable Card Object\Extensions\Template\Edittime HWA\CustomParams.obj
C:\Users\Xable\Google Drive\MMF2 Extensions\Xable Card Object\Extensions\Template\Edittime HWA\Debugger.obj
C:\Users\Xable\Google Drive\MMF2 Extensions\Xable Card Object\Extensions\Template\Edittime HWA\Edif.Edittime.obj
C:\Users\Xable\Google Drive\MMF2 Extensions\Xable Card Object\Extensions\Template\Edittime HWA\Edif.General.obj
C:\Users\Xable\Google Drive\MMF2 Extensions\Xable Card Object\Extensions\Template\Edittime HWA\Edif.obj
C:\Users\Xable\Google Drive\MMF2 Extensions\Xable Card Object\Extensions\Template\Edittime HWA\Edif.Runtime.obj
C:\Users\Xable\Google Drive\MMF2 Extensions\Xable Card Object\Extensions\Template\Edittime HWA\Edittime.obj
C:\Users\Xable\Google Drive\MMF2 Extensions\Xable Card Object\Extensions\Template\Edittime HWA\Expressions.obj
C:\Users\Xable\Google Drive\MMF2 Extensions\Xable Card Object\Extensions\Template\Edittime HWA\Extension.obj
C:\Users\Xable\Google Drive\MMF2 Extensions\Xable Card Object\Extensions\Template\Edittime HWA\General.obj
C:\Users\Xable\Google Drive\MMF2 Extensions\Xable Card Object\Extensions\Template\Edittime HWA\json.obj
C:\Users\Xable\Google Drive\MMF2 Extensions\Xable Card Object\Extensions\Template\Edittime HWA\ObjectSelection.obj
C:\Users\Xable\Google Drive\MMF2 Extensions\Xable Card Object\Extensions\Template\Edittime HWA\Properties.obj
C:\Users\Xable\Google Drive\MMF2 Extensions\Xable Card Object\Extensions\Template\Edittime HWA\Runtime.obj
C:\Users\Xable\Google Drive\MMF2 Extensions\Xable Card Object\Extensions\Template\Edittime HWA\Text.obj
C:\Users\Xable\Google Drive\MMF2 Extensions\Xable Card Object\Extensions\Template\Edittime HWA\TextProps.obj
C:\Users\Xable\Google Drive\MMF2 Extensions\Xable Card Object\Extensions\Template\Edittime HWA\cl.command.1.tlog
C:\Users\Xable\Google Drive\MMF2 Extensions\Xable Card Object\Extensions\Template\Edittime HWA\CL.read.1.tlog
C:\Users\Xable\Google Drive\MMF2 Extensions\Xable Card Object\Extensions\Template\Edittime HWA\CL.write.1.tlog
C:\Users\Xable\Google Drive\MMF2 Extensions\Xable Card Object\Extensions\Template\Edittime HWA\link-cvtres.read.1.tlog
C:\Users\Xable\Google Drive\MMF2 Extensions\Xable Card Object\Extensions\Template\Edittime HWA\link-cvtres.write.1.tlog
C:\Users\Xable\Google Drive\MMF2 Extensions\Xable Card Object\Extensions\Template\Edittime HWA\link.command.1.tlog
C:\Users\Xable\Google Drive\MMF2 Extensions\Xable Card Object\Extensions\Template\Edittime HWA\link.read.1.tlog
C:\Users\Xable\Google Drive\MMF2 Extensions\Xable Card Object\Extensions\Template\Edittime HWA\link.write.1.tlog
C:\Users\Xable\Google Drive\MMF2 Extensions\Xable Card Object\Extensions\Template\Edittime HWA\rc.command.1.tlog
C:\Users\Xable\Google Drive\MMF2 Extensions\Xable Card Object\Extensions\Template\Edittime HWA\rc.read.1.tlog
C:\Users\Xable\Google Drive\MMF2 Extensions\Xable Card Object\Extensions\Template\Edittime HWA\rc.write.1.tlog
C:\Users\Xable\Google Drive\MMF2 Extensions\Xable Card Object\Extensions\Template\Edittime HWA\Xable Card Object.write.1.tlog
C:\Users\Xable\Google Drive\MMF2 Extensions\Xable Card Object\Extensions\Template\Edittime HWA\Ext.res
C:\Users\Xable\Google Drive\MMF2 Extensions\Xable Card Object\Extensions\Template\Edittime HWA\vc110.pdb
