C:\USERS\SAMUEL BENTON\GOOGLE DRIVE\MMF2 EXTENSIONS\XABLE SESSION TIMER\EXTENSIONS\TEMPLATE\RELEASEEDITOR\OBJECTSELECTION.OBJ
C:\USERS\SAMUEL BENTON\GOOGLE DRIVE\MMF2 EXTENSIONS\XABLE SESSION TIMER\EXTENSIONS\TEMPLATE\RELEASEEDITOR\EDIF.RUNTIME.OBJ
C:\USERS\SAMUEL BENTON\GOOGLE DRIVE\MMF2 EXTENSIONS\XABLE SESSION TIMER\EXTENSIONS\TEMPLATE\RELEASEEDITOR\EDIF.GENERAL.OBJ
C:\USERS\SAMUEL BENTON\GOOGLE DRIVE\MMF2 EXTENSIONS\XABLE SESSION TIMER\EXTENSIONS\TEMPLATE\RELEASEEDITOR\EDIF.EDITTIME.OBJ
C:\USERS\SAMUEL BENTON\GOOGLE DRIVE\MMF2 EXTENSIONS\XABLE SESSION TIMER\EXTENSIONS\TEMPLATE\RELEASEEDITOR\EDIF.OBJ
C:\USERS\SAMUEL BENTON\GOOGLE DRIVE\MMF2 EXTENSIONS\XABLE SESSION TIMER\EXTENSIONS\TEMPLATE\RELEASEEDITOR\EXTENSION.OBJ
C:\USERS\SAMUEL BENTON\GOOGLE DRIVE\MMF2 EXTENSIONS\XABLE SESSION TIMER\EXTENSIONS\TEMPLATE\RELEASEEDITOR\EXPRESSIONS.OBJ
C:\USERS\SAMUEL BENTON\GOOGLE DRIVE\MMF2 EXTENSIONS\XABLE SESSION TIMER\EXTENSIONS\TEMPLATE\RELEASEEDITOR\CONDITIONS.OBJ
C:\USERS\SAMUEL BENTON\GOOGLE DRIVE\MMF2 EXTENSIONS\XABLE SESSION TIMER\EXTENSIONS\TEMPLATE\RELEASEEDITOR\ACTIONS.OBJ
C:\USERS\SAMUEL BENTON\GOOGLE DRIVE\MMF2 EXTENSIONS\XABLE SESSION TIMER\EXTENSIONS\TEMPLATE\RELEASEEDITOR\TEXT.OBJ
C:\USERS\SAMUEL BENTON\GOOGLE DRIVE\MMF2 EXTENSIONS\XABLE SESSION TIMER\EXTENSIONS\TEMPLATE\RELEASEEDITOR\RUNTIME.OBJ
C:\USERS\SAMUEL BENTON\GOOGLE DRIVE\MMF2 EXTENSIONS\XABLE SESSION TIMER\EXTENSIONS\TEMPLATE\RELEASEEDITOR\DEBUGGER.OBJ
C:\USERS\SAMUEL BENTON\GOOGLE DRIVE\MMF2 EXTENSIONS\XABLE SESSION TIMER\EXTENSIONS\TEMPLATE\RELEASEEDITOR\GENERAL.OBJ
C:\USERS\SAMUEL BENTON\GOOGLE DRIVE\MMF2 EXTENSIONS\XABLE SESSION TIMER\EXTENSIONS\TEMPLATE\RELEASEEDITOR\TEXTPROPS.OBJ
C:\USERS\SAMUEL BENTON\GOOGLE DRIVE\MMF2 EXTENSIONS\XABLE SESSION TIMER\EXTENSIONS\TEMPLATE\RELEASEEDITOR\PROPERTIES.OBJ
C:\USERS\SAMUEL BENTON\GOOGLE DRIVE\MMF2 EXTENSIONS\XABLE SESSION TIMER\EXTENSIONS\TEMPLATE\RELEASEEDITOR\EDITTIME.OBJ
C:\USERS\SAMUEL BENTON\GOOGLE DRIVE\MMF2 EXTENSIONS\XABLE SESSION TIMER\EXTENSIONS\TEMPLATE\RELEASEEDITOR\CUSTOMPARAMS.OBJ
C:\USERS\SAMUEL BENTON\GOOGLE DRIVE\MMF2 EXTENSIONS\XABLE SESSION TIMER\EXTENSIONS\TEMPLATE\RELEASEEDITOR\VC110.PDB
C:\USERS\SAMUEL BENTON\GOOGLE DRIVE\MMF2 EXTENSIONS\XABLE SESSION TIMER\EXTENSIONS\TEMPLATE\RELEASEEDITOR\JSON.OBJ
C:\USERS\XABLE\GOOGLE DRIVE\MMF2 EXTENSIONS\XABLE SESSION TIMER\EXTENSIONS\TEMPLATE\RELEASEEDITOR\OBJECTSELECTION.OBJ
C:\USERS\XABLE\GOOGLE DRIVE\MMF2 EXTENSIONS\XABLE SESSION TIMER\EXTENSIONS\TEMPLATE\RELEASEEDITOR\EDIF.RUNTIME.OBJ
C:\USERS\XABLE\GOOGLE DRIVE\MMF2 EXTENSIONS\XABLE SESSION TIMER\EXTENSIONS\TEMPLATE\RELEASEEDITOR\EDIF.GENERAL.OBJ
C:\USERS\XABLE\GOOGLE DRIVE\MMF2 EXTENSIONS\XABLE SESSION TIMER\EXTENSIONS\TEMPLATE\RELEASEEDITOR\EDIF.EDITTIME.OBJ
C:\USERS\XABLE\GOOGLE DRIVE\MMF2 EXTENSIONS\XABLE SESSION TIMER\EXTENSIONS\TEMPLATE\RELEASEEDITOR\EDIF.OBJ
C:\USERS\XABLE\GOOGLE DRIVE\MMF2 EXTENSIONS\XABLE SESSION TIMER\EXTENSIONS\TEMPLATE\RELEASEEDITOR\EXTENSION.OBJ
C:\USERS\XABLE\GOOGLE DRIVE\MMF2 EXTENSIONS\XABLE SESSION TIMER\EXTENSIONS\TEMPLATE\RELEASEEDITOR\EXPRESSIONS.OBJ
C:\USERS\XABLE\GOOGLE DRIVE\MMF2 EXTENSIONS\XABLE SESSION TIMER\EXTENSIONS\TEMPLATE\RELEASEEDITOR\CONDITIONS.OBJ
C:\USERS\XABLE\GOOGLE DRIVE\MMF2 EXTENSIONS\XABLE SESSION TIMER\EXTENSIONS\TEMPLATE\RELEASEEDITOR\ACTIONS.OBJ
C:\USERS\XABLE\GOOGLE DRIVE\MMF2 EXTENSIONS\XABLE SESSION TIMER\EXTENSIONS\TEMPLATE\RELEASEEDITOR\TEXT.OBJ
C:\USERS\XABLE\GOOGLE DRIVE\MMF2 EXTENSIONS\XABLE SESSION TIMER\EXTENSIONS\TEMPLATE\RELEASEEDITOR\RUNTIME.OBJ
C:\USERS\XABLE\GOOGLE DRIVE\MMF2 EXTENSIONS\XABLE SESSION TIMER\EXTENSIONS\TEMPLATE\RELEASEEDITOR\DEBUGGER.OBJ
C:\USERS\XABLE\GOOGLE DRIVE\MMF2 EXTENSIONS\XABLE SESSION TIMER\EXTENSIONS\TEMPLATE\RELEASEEDITOR\GENERAL.OBJ
C:\USERS\XABLE\GOOGLE DRIVE\MMF2 EXTENSIONS\XABLE SESSION TIMER\EXTENSIONS\TEMPLATE\RELEASEEDITOR\TEXTPROPS.OBJ
C:\USERS\XABLE\GOOGLE DRIVE\MMF2 EXTENSIONS\XABLE SESSION TIMER\EXTENSIONS\TEMPLATE\RELEASEEDITOR\PROPERTIES.OBJ
C:\USERS\XABLE\GOOGLE DRIVE\MMF2 EXTENSIONS\XABLE SESSION TIMER\EXTENSIONS\TEMPLATE\RELEASEEDITOR\EDITTIME.OBJ
C:\USERS\XABLE\GOOGLE DRIVE\MMF2 EXTENSIONS\XABLE SESSION TIMER\EXTENSIONS\TEMPLATE\RELEASEEDITOR\CUSTOMPARAMS.OBJ
C:\USERS\XABLE\GOOGLE DRIVE\MMF2 EXTENSIONS\XABLE SESSION TIMER\EXTENSIONS\TEMPLATE\RELEASEEDITOR\VC110.PDB
C:\USERS\XABLE\GOOGLE DRIVE\MMF2 EXTENSIONS\XABLE SESSION TIMER\EXTENSIONS\TEMPLATE\RELEASEEDITOR\JSON.OBJ
C:\USERS\SAMUEL BENTON\GOOGLE DRIVE\MMF2 EXTENSIONS\XABLE SESSION TIMER\EXTENSIONS\TEMPLATE\MFX\EXTENSIONS\XABLE SESSION OBJECT.MFX
C:\USERS\XABLE\GOOGLE DRIVE\MMF2 EXTENSIONS\XABLE SESSION TIMER\EXTENSIONS\TEMPLATE\MFX\EXTENSIONS\XABLE SESSION OBJECT.MFX
C:\USERS\SAMUEL BENTON\GOOGLE DRIVE\MMF2 EXTENSIONS\XABLE SESSION TIMER\EXTENSIONS\TEMPLATE\RELEASEEDITOR\EXT.RES
C:\USERS\XABLE\GOOGLE DRIVE\MMF2 EXTENSIONS\XABLE SESSION TIMER\EXTENSIONS\TEMPLATE\RELEASEEDITOR\EXT.RES
C:\Users\Samuel Benton\Google Drive\MMF2 Extensions\Xable Session Timer\Extensions\Template\ReleaseEditor\Template.lib
C:\Users\Samuel Benton\Google Drive\MMF2 Extensions\Xable Session Timer\Extensions\Template\ReleaseEditor\Template.exp
C:\Users\Xable\Google Drive\MMF2 Extensions\Xable Session Timer\Extensions\Template\ReleaseEditor\Template.lib
C:\Users\Xable\Google Drive\MMF2 Extensions\Xable Session Timer\Extensions\Template\ReleaseEditor\Template.exp
C:\Users\Xable\Google Drive\MMF2 Extensions\Xable Session Timer\Extensions\Template\ReleaseEditor\Actions.obj
C:\Users\Xable\Google Drive\MMF2 Extensions\Xable Session Timer\Extensions\Template\ReleaseEditor\Conditions.obj
C:\Users\Xable\Google Drive\MMF2 Extensions\Xable Session Timer\Extensions\Template\ReleaseEditor\CustomParams.obj
C:\Users\Xable\Google Drive\MMF2 Extensions\Xable Session Timer\Extensions\Template\ReleaseEditor\Debugger.obj
C:\Users\Xable\Google Drive\MMF2 Extensions\Xable Session Timer\Extensions\Template\ReleaseEditor\Edif.Edittime.obj
C:\Users\Xable\Google Drive\MMF2 Extensions\Xable Session Timer\Extensions\Template\ReleaseEditor\Edif.General.obj
C:\Users\Xable\Google Drive\MMF2 Extensions\Xable Session Timer\Extensions\Template\ReleaseEditor\Edif.obj
C:\Users\Xable\Google Drive\MMF2 Extensions\Xable Session Timer\Extensions\Template\ReleaseEditor\Edif.Runtime.obj
C:\Users\Xable\Google Drive\MMF2 Extensions\Xable Session Timer\Extensions\Template\ReleaseEditor\Edittime.obj
C:\Users\Xable\Google Drive\MMF2 Extensions\Xable Session Timer\Extensions\Template\ReleaseEditor\Expressions.obj
C:\Users\Xable\Google Drive\MMF2 Extensions\Xable Session Timer\Extensions\Template\ReleaseEditor\Extension.obj
C:\Users\Xable\Google Drive\MMF2 Extensions\Xable Session Timer\Extensions\Template\ReleaseEditor\General.obj
C:\Users\Xable\Google Drive\MMF2 Extensions\Xable Session Timer\Extensions\Template\ReleaseEditor\json.obj
C:\Users\Xable\Google Drive\MMF2 Extensions\Xable Session Timer\Extensions\Template\ReleaseEditor\ObjectSelection.obj
C:\Users\Xable\Google Drive\MMF2 Extensions\Xable Session Timer\Extensions\Template\ReleaseEditor\Properties.obj
C:\Users\Xable\Google Drive\MMF2 Extensions\Xable Session Timer\Extensions\Template\ReleaseEditor\Runtime.obj
C:\Users\Xable\Google Drive\MMF2 Extensions\Xable Session Timer\Extensions\Template\ReleaseEditor\Text.obj
C:\Users\Xable\Google Drive\MMF2 Extensions\Xable Session Timer\Extensions\Template\ReleaseEditor\TextProps.obj
C:\Users\Xable\Google Drive\MMF2 Extensions\Xable Session Timer\Extensions\Template\ReleaseEditor\cl.command.1.tlog
C:\Users\Xable\Google Drive\MMF2 Extensions\Xable Session Timer\Extensions\Template\ReleaseEditor\CL.read.1.tlog
C:\Users\Xable\Google Drive\MMF2 Extensions\Xable Session Timer\Extensions\Template\ReleaseEditor\CL.write.1.tlog
C:\Users\Xable\Google Drive\MMF2 Extensions\Xable Session Timer\Extensions\Template\ReleaseEditor\link-cvtres.read.1.tlog
C:\Users\Xable\Google Drive\MMF2 Extensions\Xable Session Timer\Extensions\Template\ReleaseEditor\link-cvtres.write.1.tlog
C:\Users\Xable\Google Drive\MMF2 Extensions\Xable Session Timer\Extensions\Template\ReleaseEditor\link.command.1.tlog
C:\Users\Xable\Google Drive\MMF2 Extensions\Xable Session Timer\Extensions\Template\ReleaseEditor\link.read.1.tlog
C:\Users\Xable\Google Drive\MMF2 Extensions\Xable Session Timer\Extensions\Template\ReleaseEditor\link.write.1.tlog
C:\Users\Xable\Google Drive\MMF2 Extensions\Xable Session Timer\Extensions\Template\ReleaseEditor\rc.command.1.tlog
C:\Users\Xable\Google Drive\MMF2 Extensions\Xable Session Timer\Extensions\Template\ReleaseEditor\rc.read.1.tlog
C:\Users\Xable\Google Drive\MMF2 Extensions\Xable Session Timer\Extensions\Template\ReleaseEditor\rc.write.1.tlog
C:\Users\Xable\Google Drive\MMF2 Extensions\Xable Session Timer\Extensions\Template\ReleaseEditor\Xable Session Object.write.1.tlog
C:\Users\Xable\Google Drive\MMF2 Extensions\Xable Session Timer\Extensions\Template\ReleaseEditor\Ext.res
C:\Users\Xable\Google Drive\MMF2 Extensions\Xable Session Timer\Extensions\Template\ReleaseEditor\vc110.pdb
