C:\USERS\SAMUEL BENTON\GOOGLE DRIVE\MMF2 EXTENSIONS\XABLE SESSION TIMER\EXTENSIONS\TEMPLATE\RUNTIME HWA\OBJECTSELECTION.OBJ
C:\USERS\SAMUEL BENTON\GOOGLE DRIVE\MMF2 EXTENSIONS\XABLE SESSION TIMER\EXTENSIONS\TEMPLATE\RUNTIME HWA\EDIF.RUNTIME.OBJ
C:\USERS\SAMUEL BENTON\GOOGLE DRIVE\MMF2 EXTENSIONS\XABLE SESSION TIMER\EXTENSIONS\TEMPLATE\RUNTIME HWA\EDIF.GENERAL.OBJ
C:\USERS\SAMUEL BENTON\GOOGLE DRIVE\MMF2 EXTENSIONS\XABLE SESSION TIMER\EXTENSIONS\TEMPLATE\RUNTIME HWA\EDIF.EDITTIME.OBJ
C:\USERS\SAMUEL BENTON\GOOGLE DRIVE\MMF2 EXTENSIONS\XABLE SESSION TIMER\EXTENSIONS\TEMPLATE\RUNTIME HWA\EDIF.OBJ
C:\USERS\SAMUEL BENTON\GOOGLE DRIVE\MMF2 EXTENSIONS\XABLE SESSION TIMER\EXTENSIONS\TEMPLATE\RUNTIME HWA\EXTENSION.OBJ
C:\USERS\SAMUEL BENTON\GOOGLE DRIVE\MMF2 EXTENSIONS\XABLE SESSION TIMER\EXTENSIONS\TEMPLATE\RUNTIME HWA\EXPRESSIONS.OBJ
C:\USERS\SAMUEL BENTON\GOOGLE DRIVE\MMF2 EXTENSIONS\XABLE SESSION TIMER\EXTENSIONS\TEMPLATE\RUNTIME HWA\CONDITIONS.OBJ
C:\USERS\SAMUEL BENTON\GOOGLE DRIVE\MMF2 EXTENSIONS\XABLE SESSION TIMER\EXTENSIONS\TEMPLATE\RUNTIME HWA\ACTIONS.OBJ
C:\USERS\SAMUEL BENTON\GOOGLE DRIVE\MMF2 EXTENSIONS\XABLE SESSION TIMER\EXTENSIONS\TEMPLATE\RUNTIME HWA\TEXT.OBJ
C:\USERS\SAMUEL BENTON\GOOGLE DRIVE\MMF2 EXTENSIONS\XABLE SESSION TIMER\EXTENSIONS\TEMPLATE\RUNTIME HWA\RUNTIME.OBJ
C:\USERS\SAMUEL BENTON\GOOGLE DRIVE\MMF2 EXTENSIONS\XABLE SESSION TIMER\EXTENSIONS\TEMPLATE\RUNTIME HWA\DEBUGGER.OBJ
C:\USERS\SAMUEL BENTON\GOOGLE DRIVE\MMF2 EXTENSIONS\XABLE SESSION TIMER\EXTENSIONS\TEMPLATE\RUNTIME HWA\GENERAL.OBJ
C:\USERS\SAMUEL BENTON\GOOGLE DRIVE\MMF2 EXTENSIONS\XABLE SESSION TIMER\EXTENSIONS\TEMPLATE\RUNTIME HWA\TEXTPROPS.OBJ
C:\USERS\SAMUEL BENTON\GOOGLE DRIVE\MMF2 EXTENSIONS\XABLE SESSION TIMER\EXTENSIONS\TEMPLATE\RUNTIME HWA\PROPERTIES.OBJ
C:\USERS\SAMUEL BENTON\GOOGLE DRIVE\MMF2 EXTENSIONS\XABLE SESSION TIMER\EXTENSIONS\TEMPLATE\RUNTIME HWA\EDITTIME.OBJ
C:\USERS\SAMUEL BENTON\GOOGLE DRIVE\MMF2 EXTENSIONS\XABLE SESSION TIMER\EXTENSIONS\TEMPLATE\RUNTIME HWA\CUSTOMPARAMS.OBJ
C:\USERS\SAMUEL BENTON\GOOGLE DRIVE\MMF2 EXTENSIONS\XABLE SESSION TIMER\EXTENSIONS\TEMPLATE\RUNTIME HWA\VC110.PDB
C:\USERS\SAMUEL BENTON\GOOGLE DRIVE\MMF2 EXTENSIONS\XABLE SESSION TIMER\EXTENSIONS\TEMPLATE\RUNTIME HWA\JSON.OBJ
C:\USERS\XABLE\GOOGLE DRIVE\MMF2 EXTENSIONS\XABLE SESSION TIMER\EXTENSIONS\TEMPLATE\RUNTIME HWA\OBJECTSELECTION.OBJ
C:\USERS\XABLE\GOOGLE DRIVE\MMF2 EXTENSIONS\XABLE SESSION TIMER\EXTENSIONS\TEMPLATE\RUNTIME HWA\EDIF.RUNTIME.OBJ
C:\USERS\XABLE\GOOGLE DRIVE\MMF2 EXTENSIONS\XABLE SESSION TIMER\EXTENSIONS\TEMPLATE\RUNTIME HWA\EDIF.GENERAL.OBJ
C:\USERS\XABLE\GOOGLE DRIVE\MMF2 EXTENSIONS\XABLE SESSION TIMER\EXTENSIONS\TEMPLATE\RUNTIME HWA\EDIF.EDITTIME.OBJ
C:\USERS\XABLE\GOOGLE DRIVE\MMF2 EXTENSIONS\XABLE SESSION TIMER\EXTENSIONS\TEMPLATE\RUNTIME HWA\EDIF.OBJ
C:\USERS\XABLE\GOOGLE DRIVE\MMF2 EXTENSIONS\XABLE SESSION TIMER\EXTENSIONS\TEMPLATE\RUNTIME HWA\EXTENSION.OBJ
C:\USERS\XABLE\GOOGLE DRIVE\MMF2 EXTENSIONS\XABLE SESSION TIMER\EXTENSIONS\TEMPLATE\RUNTIME HWA\EXPRESSIONS.OBJ
C:\USERS\XABLE\GOOGLE DRIVE\MMF2 EXTENSIONS\XABLE SESSION TIMER\EXTENSIONS\TEMPLATE\RUNTIME HWA\CONDITIONS.OBJ
C:\USERS\XABLE\GOOGLE DRIVE\MMF2 EXTENSIONS\XABLE SESSION TIMER\EXTENSIONS\TEMPLATE\RUNTIME HWA\ACTIONS.OBJ
C:\USERS\XABLE\GOOGLE DRIVE\MMF2 EXTENSIONS\XABLE SESSION TIMER\EXTENSIONS\TEMPLATE\RUNTIME HWA\TEXT.OBJ
C:\USERS\XABLE\GOOGLE DRIVE\MMF2 EXTENSIONS\XABLE SESSION TIMER\EXTENSIONS\TEMPLATE\RUNTIME HWA\RUNTIME.OBJ
C:\USERS\XABLE\GOOGLE DRIVE\MMF2 EXTENSIONS\XABLE SESSION TIMER\EXTENSIONS\TEMPLATE\RUNTIME HWA\DEBUGGER.OBJ
C:\USERS\XABLE\GOOGLE DRIVE\MMF2 EXTENSIONS\XABLE SESSION TIMER\EXTENSIONS\TEMPLATE\RUNTIME HWA\GENERAL.OBJ
C:\USERS\XABLE\GOOGLE DRIVE\MMF2 EXTENSIONS\XABLE SESSION TIMER\EXTENSIONS\TEMPLATE\RUNTIME HWA\TEXTPROPS.OBJ
C:\USERS\XABLE\GOOGLE DRIVE\MMF2 EXTENSIONS\XABLE SESSION TIMER\EXTENSIONS\TEMPLATE\RUNTIME HWA\PROPERTIES.OBJ
C:\USERS\XABLE\GOOGLE DRIVE\MMF2 EXTENSIONS\XABLE SESSION TIMER\EXTENSIONS\TEMPLATE\RUNTIME HWA\EDITTIME.OBJ
C:\USERS\XABLE\GOOGLE DRIVE\MMF2 EXTENSIONS\XABLE SESSION TIMER\EXTENSIONS\TEMPLATE\RUNTIME HWA\CUSTOMPARAMS.OBJ
C:\USERS\XABLE\GOOGLE DRIVE\MMF2 EXTENSIONS\XABLE SESSION TIMER\EXTENSIONS\TEMPLATE\RUNTIME HWA\VC110.PDB
C:\USERS\XABLE\GOOGLE DRIVE\MMF2 EXTENSIONS\XABLE SESSION TIMER\EXTENSIONS\TEMPLATE\RUNTIME HWA\JSON.OBJ
C:\USERS\SAMUEL BENTON\GOOGLE DRIVE\MMF2 EXTENSIONS\XABLE SESSION TIMER\EXTENSIONS\TEMPLATE\MFX\DATA\RUNTIME\HWA\XABLE SESSION OBJECT.MFX
C:\USERS\XABLE\GOOGLE DRIVE\MMF2 EXTENSIONS\XABLE SESSION TIMER\EXTENSIONS\TEMPLATE\MFX\DATA\RUNTIME\HWA\XABLE SESSION OBJECT.MFX
C:\USERS\SAMUEL BENTON\GOOGLE DRIVE\MMF2 EXTENSIONS\XABLE SESSION TIMER\EXTENSIONS\TEMPLATE\RUNTIME HWA\EXT.RES
C:\USERS\XABLE\GOOGLE DRIVE\MMF2 EXTENSIONS\XABLE SESSION TIMER\EXTENSIONS\TEMPLATE\RUNTIME HWA\EXT.RES
C:\Users\Samuel Benton\Google Drive\MMF2 Extensions\Xable Session Timer\Extensions\Template\Runtime HWA\Template.lib
C:\Users\Samuel Benton\Google Drive\MMF2 Extensions\Xable Session Timer\Extensions\Template\Runtime HWA\Template.exp
C:\Users\Xable\Google Drive\MMF2 Extensions\Xable Session Timer\Extensions\Template\Runtime HWA\Template.lib
C:\Users\Xable\Google Drive\MMF2 Extensions\Xable Session Timer\Extensions\Template\Runtime HWA\Template.exp
C:\Users\Xable\Google Drive\MMF2 Extensions\Xable Session Timer\Extensions\Template\Runtime HWA\Actions.obj
C:\Users\Xable\Google Drive\MMF2 Extensions\Xable Session Timer\Extensions\Template\Runtime HWA\Conditions.obj
C:\Users\Xable\Google Drive\MMF2 Extensions\Xable Session Timer\Extensions\Template\Runtime HWA\CustomParams.obj
C:\Users\Xable\Google Drive\MMF2 Extensions\Xable Session Timer\Extensions\Template\Runtime HWA\Debugger.obj
C:\Users\Xable\Google Drive\MMF2 Extensions\Xable Session Timer\Extensions\Template\Runtime HWA\Edif.Edittime.obj
C:\Users\Xable\Google Drive\MMF2 Extensions\Xable Session Timer\Extensions\Template\Runtime HWA\Edif.General.obj
C:\Users\Xable\Google Drive\MMF2 Extensions\Xable Session Timer\Extensions\Template\Runtime HWA\Edif.obj
C:\Users\Xable\Google Drive\MMF2 Extensions\Xable Session Timer\Extensions\Template\Runtime HWA\Edif.Runtime.obj
C:\Users\Xable\Google Drive\MMF2 Extensions\Xable Session Timer\Extensions\Template\Runtime HWA\Edittime.obj
C:\Users\Xable\Google Drive\MMF2 Extensions\Xable Session Timer\Extensions\Template\Runtime HWA\Expressions.obj
C:\Users\Xable\Google Drive\MMF2 Extensions\Xable Session Timer\Extensions\Template\Runtime HWA\Extension.obj
C:\Users\Xable\Google Drive\MMF2 Extensions\Xable Session Timer\Extensions\Template\Runtime HWA\General.obj
C:\Users\Xable\Google Drive\MMF2 Extensions\Xable Session Timer\Extensions\Template\Runtime HWA\json.obj
C:\Users\Xable\Google Drive\MMF2 Extensions\Xable Session Timer\Extensions\Template\Runtime HWA\ObjectSelection.obj
C:\Users\Xable\Google Drive\MMF2 Extensions\Xable Session Timer\Extensions\Template\Runtime HWA\Properties.obj
C:\Users\Xable\Google Drive\MMF2 Extensions\Xable Session Timer\Extensions\Template\Runtime HWA\Runtime.obj
C:\Users\Xable\Google Drive\MMF2 Extensions\Xable Session Timer\Extensions\Template\Runtime HWA\Text.obj
C:\Users\Xable\Google Drive\MMF2 Extensions\Xable Session Timer\Extensions\Template\Runtime HWA\TextProps.obj
C:\Users\Xable\Google Drive\MMF2 Extensions\Xable Session Timer\Extensions\Template\Runtime HWA\cl.command.1.tlog
C:\Users\Xable\Google Drive\MMF2 Extensions\Xable Session Timer\Extensions\Template\Runtime HWA\CL.read.1.tlog
C:\Users\Xable\Google Drive\MMF2 Extensions\Xable Session Timer\Extensions\Template\Runtime HWA\CL.write.1.tlog
C:\Users\Xable\Google Drive\MMF2 Extensions\Xable Session Timer\Extensions\Template\Runtime HWA\link-cvtres.read.1.tlog
C:\Users\Xable\Google Drive\MMF2 Extensions\Xable Session Timer\Extensions\Template\Runtime HWA\link-cvtres.write.1.tlog
C:\Users\Xable\Google Drive\MMF2 Extensions\Xable Session Timer\Extensions\Template\Runtime HWA\link.command.1.tlog
C:\Users\Xable\Google Drive\MMF2 Extensions\Xable Session Timer\Extensions\Template\Runtime HWA\link.read.1.tlog
C:\Users\Xable\Google Drive\MMF2 Extensions\Xable Session Timer\Extensions\Template\Runtime HWA\link.write.1.tlog
C:\Users\Xable\Google Drive\MMF2 Extensions\Xable Session Timer\Extensions\Template\Runtime HWA\rc.command.1.tlog
C:\Users\Xable\Google Drive\MMF2 Extensions\Xable Session Timer\Extensions\Template\Runtime HWA\rc.read.1.tlog
C:\Users\Xable\Google Drive\MMF2 Extensions\Xable Session Timer\Extensions\Template\Runtime HWA\rc.write.1.tlog
C:\Users\Xable\Google Drive\MMF2 Extensions\Xable Session Timer\Extensions\Template\Runtime HWA\Xable Session Object.write.1.tlog
C:\Users\Xable\Google Drive\MMF2 Extensions\Xable Session Timer\Extensions\Template\Runtime HWA\Ext.res
C:\Users\Xable\Google Drive\MMF2 Extensions\Xable Session Timer\Extensions\Template\Runtime HWA\vc110.pdb
