Build started 11/7/2013 12:34:48 PM.
     1>Project "C:\Users\Xable\Google Drive\MMF2 Extensions\Xable Card Object\Extensions\Template\Template.vcxproj" on node 2 (Build target(s)).
     1>ClCompile:
         C:\Program Files (x86)\Microsoft Visual Studio 11.0\VC\bin\CL.exe /c /I..\..\Inc /I.\ /Zi /nologo /W3 /WX- /O1 /Ob1 /Oy- /D COXSDK /D IN_EXT_VERSION2 /D _CRT_SECURE_NO_WARNINGS /D _CRT_SECURE_NO_DEPRECATE /D _WINDOWS /D RUN_ONLY /D _WINDLL /D _UNICODE /D UNICODE /GF /Gm- /EHsc /MT /GS /Gy /fp:precise /Zc:wchar_t /Zc:forScope /GR /Fo".\ReleaseRuntimeUnicode\\" /Fd".\ReleaseRuntimeUnicode\vc110.pdb" /Gd /TP /analyze- /errorReport:prompt Runtime.cpp Actions.cpp Conditions.cpp Expressions.cpp
         Runtime.cpp
     1>Runtime.cpp(92): error C2665: 'Edif::Runtime::ReadGlobal' : none of the 2 overloads could convert all the argument types
                 C:\Users\Xable\Google Drive\MMF2 Extensions\Xable Card Object\Inc\Edif.h(138): could be 'void *Edif::Runtime::ReadGlobal(mv *,CRunApp *,const TCHAR *)'
                 while trying to match the argument list '(mv *, CRunApp *, const char [15])'
     1>Runtime.cpp(93): error C2665: 'Edif::Runtime::WriteGlobal' : none of the 2 overloads could convert all the argument types
                 C:\Users\Xable\Google Drive\MMF2 Extensions\Xable Card Object\Inc\Edif.h(137): could be 'void Edif::Runtime::WriteGlobal(mv *,CRunApp *,const TCHAR *,void *)'
                 while trying to match the argument list '(mv *, CRunApp *, const char [15], Extension::CardDeck *)'
     1>Runtime.cpp(107): error C2665: 'Edif::Runtime::ReadGlobal' : none of the 2 overloads could convert all the argument types
                 C:\Users\Xable\Google Drive\MMF2 Extensions\Xable Card Object\Inc\Edif.h(138): could be 'void *Edif::Runtime::ReadGlobal(mv *,CRunApp *,const TCHAR *)'
                 while trying to match the argument list '(mv *, CRunApp *, const char [15])'
     1>Runtime.cpp(121): error C2665: 'Edif::Runtime::ReadGlobal' : none of the 2 overloads could convert all the argument types
                 C:\Users\Xable\Google Drive\MMF2 Extensions\Xable Card Object\Inc\Edif.h(138): could be 'void *Edif::Runtime::ReadGlobal(mv *,CRunApp *,const TCHAR *)'
                 while trying to match the argument list '(mv *, CRunApp *, const char [22])'
     1>Runtime.cpp(124): error C2665: 'Edif::Runtime::ReadGlobal' : none of the 2 overloads could convert all the argument types
                 C:\Users\Xable\Google Drive\MMF2 Extensions\Xable Card Object\Inc\Edif.h(138): could be 'void *Edif::Runtime::ReadGlobal(mv *,CRunApp *,const TCHAR *)'
                 while trying to match the argument list '(mv *, CRunApp *, const char [15])'
     1>Runtime.cpp(124): error C2665: 'Edif::Runtime::WriteGlobal' : none of the 2 overloads could convert all the argument types
                 C:\Users\Xable\Google Drive\MMF2 Extensions\Xable Card Object\Inc\Edif.h(137): could be 'void Edif::Runtime::WriteGlobal(mv *,CRunApp *,const TCHAR *,void *)'
                 while trying to match the argument list '(mv *, CRunApp *, const char [22])'
     1>Runtime.cpp(128): error C2665: 'Edif::Runtime::ReadGlobal' : none of the 2 overloads could convert all the argument types
                 C:\Users\Xable\Google Drive\MMF2 Extensions\Xable Card Object\Inc\Edif.h(138): could be 'void *Edif::Runtime::ReadGlobal(mv *,CRunApp *,const TCHAR *)'
                 while trying to match the argument list '(mv *, CRunApp *, const char [15])'
     1>Runtime.cpp(130): error C2665: 'Edif::Runtime::ReadGlobal' : none of the 2 overloads could convert all the argument types
                 C:\Users\Xable\Google Drive\MMF2 Extensions\Xable Card Object\Inc\Edif.h(138): could be 'void *Edif::Runtime::ReadGlobal(mv *,CRunApp *,const TCHAR *)'
                 while trying to match the argument list '(mv *, CRunApp *, const char [22])'
     1>Runtime.cpp(130): error C2665: 'Edif::Runtime::WriteGlobal' : none of the 2 overloads could convert all the argument types
                 C:\Users\Xable\Google Drive\MMF2 Extensions\Xable Card Object\Inc\Edif.h(137): could be 'void Edif::Runtime::WriteGlobal(mv *,CRunApp *,const TCHAR *,void *)'
                 while trying to match the argument list '(mv *, CRunApp *, const char [15])'
     1>Runtime.cpp(141): error C2665: 'Edif::Runtime::WriteGlobal' : none of the 2 overloads could convert all the argument types
                 C:\Users\Xable\Google Drive\MMF2 Extensions\Xable Card Object\Inc\Edif.h(137): could be 'void Edif::Runtime::WriteGlobal(mv *,CRunApp *,const TCHAR *,void *)'
                 while trying to match the argument list '(mv *, CRunApp *, const char [22], int)'
     1>Runtime.cpp(142): error C2665: 'Edif::Runtime::ReadGlobal' : none of the 2 overloads could convert all the argument types
                 C:\Users\Xable\Google Drive\MMF2 Extensions\Xable Card Object\Inc\Edif.h(138): could be 'void *Edif::Runtime::ReadGlobal(mv *,CRunApp *,const TCHAR *)'
                 while trying to match the argument list '(mv *, CRunApp *, const char [22])'
         Actions.cpp
     1>Actions.cpp(20): error C2664: 'void *Edif::Runtime::ReadGlobal(const TCHAR *)' : cannot convert parameter 1 from 'const char [15]' to 'const TCHAR *'
                 Types pointed to are unrelated; conversion requires reinterpret_cast, C-style cast or function-style cast
     1>Actions.cpp(20): error C2227: left of '->Deck' must point to class/struct/union/generic type
     1>Actions.cpp(22): error C2664: 'void *Edif::Runtime::ReadGlobal(const TCHAR *)' : cannot convert parameter 1 from 'const char [15]' to 'const TCHAR *'
                 Types pointed to are unrelated; conversion requires reinterpret_cast, C-style cast or function-style cast
     1>Actions.cpp(22): error C2227: left of '->PlayerA' must point to class/struct/union/generic type
     1>Actions.cpp(24): error C2664: 'void *Edif::Runtime::ReadGlobal(const TCHAR *)' : cannot convert parameter 1 from 'const char [15]' to 'const TCHAR *'
                 Types pointed to are unrelated; conversion requires reinterpret_cast, C-style cast or function-style cast
     1>Actions.cpp(24): error C2227: left of '->PlayerB' must point to class/struct/union/generic type
     1>Actions.cpp(26): error C2664: 'void *Edif::Runtime::ReadGlobal(const TCHAR *)' : cannot convert parameter 1 from 'const char [15]' to 'const TCHAR *'
                 Types pointed to are unrelated; conversion requires reinterpret_cast, C-style cast or function-style cast
     1>Actions.cpp(26): error C2227: left of '->PlayerC' must point to class/struct/union/generic type
     1>Actions.cpp(28): error C2664: 'void *Edif::Runtime::ReadGlobal(const TCHAR *)' : cannot convert parameter 1 from 'const char [15]' to 'const TCHAR *'
                 Types pointed to are unrelated; conversion requires reinterpret_cast, C-style cast or function-style cast
     1>Actions.cpp(28): error C2227: left of '->PlayerD' must point to class/struct/union/generic type
     1>Actions.cpp(30): error C2664: 'void *Edif::Runtime::ReadGlobal(const TCHAR *)' : cannot convert parameter 1 from 'const char [15]' to 'const TCHAR *'
                 Types pointed to are unrelated; conversion requires reinterpret_cast, C-style cast or function-style cast
     1>Actions.cpp(30): error C2227: left of '->PlayerE' must point to class/struct/union/generic type
     1>Actions.cpp(32): error C2664: 'void *Edif::Runtime::ReadGlobal(const TCHAR *)' : cannot convert parameter 1 from 'const char [15]' to 'const TCHAR *'
                 Types pointed to are unrelated; conversion requires reinterpret_cast, C-style cast or function-style cast
     1>Actions.cpp(32): error C2227: left of '->PlayerF' must point to class/struct/union/generic type
     1>Actions.cpp(34): error C2664: 'void *Edif::Runtime::ReadGlobal(const TCHAR *)' : cannot convert parameter 1 from 'const char [15]' to 'const TCHAR *'
                 Types pointed to are unrelated; conversion requires reinterpret_cast, C-style cast or function-style cast
     1>Actions.cpp(34): error C2227: left of '->PlayerG' must point to class/struct/union/generic type
     1>Actions.cpp(36): error C2664: 'void *Edif::Runtime::ReadGlobal(const TCHAR *)' : cannot convert parameter 1 from 'const char [15]' to 'const TCHAR *'
                 Types pointed to are unrelated; conversion requires reinterpret_cast, C-style cast or function-style cast
     1>Actions.cpp(36): error C2227: left of '->PlayerH' must point to class/struct/union/generic type
     1>Actions.cpp(38): error C2664: 'void *Edif::Runtime::ReadGlobal(const TCHAR *)' : cannot convert parameter 1 from 'const char [15]' to 'const TCHAR *'
                 Types pointed to are unrelated; conversion requires reinterpret_cast, C-style cast or function-style cast
     1>Actions.cpp(38): error C2227: left of '->PlayerI' must point to class/struct/union/generic type
     1>Actions.cpp(40): error C2664: 'void *Edif::Runtime::ReadGlobal(const TCHAR *)' : cannot convert parameter 1 from 'const char [15]' to 'const TCHAR *'
                 Types pointed to are unrelated; conversion requires reinterpret_cast, C-style cast or function-style cast
     1>Actions.cpp(40): error C2227: left of '->PlayerJ' must point to class/struct/union/generic type
     1>Actions.cpp(42): error C2664: 'void *Edif::Runtime::ReadGlobal(const TCHAR *)' : cannot convert parameter 1 from 'const char [15]' to 'const TCHAR *'
                 Types pointed to are unrelated; conversion requires reinterpret_cast, C-style cast or function-style cast
     1>Actions.cpp(42): error C2227: left of '->PlayerK' must point to class/struct/union/generic type
     1>Actions.cpp(44): error C2664: 'void *Edif::Runtime::ReadGlobal(const TCHAR *)' : cannot convert parameter 1 from 'const char [15]' to 'const TCHAR *'
                 Types pointed to are unrelated; conversion requires reinterpret_cast, C-style cast or function-style cast
     1>Actions.cpp(44): error C2227: left of '->PlayerL' must point to class/struct/union/generic type
     1>Actions.cpp(46): error C2664: 'void *Edif::Runtime::ReadGlobal(const TCHAR *)' : cannot convert parameter 1 from 'const char [15]' to 'const TCHAR *'
                 Types pointed to are unrelated; conversion requires reinterpret_cast, C-style cast or function-style cast
     1>Actions.cpp(46): error C2227: left of '->PlayerM' must point to class/struct/union/generic type
     1>Actions.cpp(48): error C2664: 'void *Edif::Runtime::ReadGlobal(const TCHAR *)' : cannot convert parameter 1 from 'const char [15]' to 'const TCHAR *'
                 Types pointed to are unrelated; conversion requires reinterpret_cast, C-style cast or function-style cast
     1>Actions.cpp(48): error C2227: left of '->PlayerN' must point to class/struct/union/generic type
     1>Actions.cpp(50): error C2664: 'void *Edif::Runtime::ReadGlobal(const TCHAR *)' : cannot convert parameter 1 from 'const char [15]' to 'const TCHAR *'
                 Types pointed to are unrelated; conversion requires reinterpret_cast, C-style cast or function-style cast
     1>Actions.cpp(50): error C2227: left of '->PlayerO' must point to class/struct/union/generic type
     1>Actions.cpp(52): error C2664: 'void *Edif::Runtime::ReadGlobal(const TCHAR *)' : cannot convert parameter 1 from 'const char [15]' to 'const TCHAR *'
                 Types pointed to are unrelated; conversion requires reinterpret_cast, C-style cast or function-style cast
     1>Actions.cpp(52): error C2227: left of '->PlayerP' must point to class/struct/union/generic type
     1>Actions.cpp(80): warning C4244: 'argument' : conversion from 'time_t' to 'unsigned int', possible loss of data
     1>Actions.cpp(94): error C2664: 'void *Edif::Runtime::ReadGlobal(const TCHAR *)' : cannot convert parameter 1 from 'const char [15]' to 'const TCHAR *'
                 Types pointed to are unrelated; conversion requires reinterpret_cast, C-style cast or function-style cast
     1>Actions.cpp(94): error C2227: left of '->MostRecentShuffledDeck' must point to class/struct/union/generic type
     1>Actions.cpp(119): warning C4244: 'argument' : conversion from 'time_t' to 'unsigned int', possible loss of data
     1>Actions.cpp(133): error C2664: 'void *Edif::Runtime::ReadGlobal(const TCHAR *)' : cannot convert parameter 1 from 'const char [15]' to 'const TCHAR *'
                 Types pointed to are unrelated; conversion requires reinterpret_cast, C-style cast or function-style cast
     1>Actions.cpp(133): error C2227: left of '->MostRecentShuffledDeck' must point to class/struct/union/generic type
     1>Actions.cpp(159): warning C4244: 'argument' : conversion from 'time_t' to 'unsigned int', possible loss of data
     1>Actions.cpp(173): error C2664: 'void *Edif::Runtime::ReadGlobal(const TCHAR *)' : cannot convert parameter 1 from 'const char [15]' to 'const TCHAR *'
                 Types pointed to are unrelated; conversion requires reinterpret_cast, C-style cast or function-style cast
     1>Actions.cpp(173): error C2227: left of '->MostRecentShuffledDeck' must point to class/struct/union/generic type
     1>Actions.cpp(196): warning C4018: '<' : signed/unsigned mismatch
     1>Actions.cpp(203): error C2664: 'void *Edif::Runtime::ReadGlobal(const TCHAR *)' : cannot convert parameter 1 from 'const char [15]' to 'const TCHAR *'
                 Types pointed to are unrelated; conversion requires reinterpret_cast, C-style cast or function-style cast
     1>Actions.cpp(203): error C2227: left of '->MostRecentDecreasedDeck' must point to class/struct/union/generic type
     1>Actions.cpp(204): error C2664: 'void *Edif::Runtime::ReadGlobal(const TCHAR *)' : cannot convert parameter 1 from 'const char [15]' to 'const TCHAR *'
                 Types pointed to are unrelated; conversion requires reinterpret_cast, C-style cast or function-style cast
     1>Actions.cpp(204): error C2227: left of '->MostRecentIncreasedDeck' must point to class/struct/union/generic type
     1>Actions.cpp(216): error C2664: 'void *Edif::Runtime::ReadGlobal(const TCHAR *)' : cannot convert parameter 1 from 'const char [15]' to 'const TCHAR *'
                 Types pointed to are unrelated; conversion requires reinterpret_cast, C-style cast or function-style cast
     1>Actions.cpp(216): error C2227: left of '->MostRecentEmptyDeck' must point to class/struct/union/generic type
     1>Actions.cpp(222): warning C4018: '>=' : signed/unsigned mismatch
     1>Actions.cpp(255): warning C4018: '<' : signed/unsigned mismatch
     1>Actions.cpp(256): warning C4018: '<=' : signed/unsigned mismatch
     1>Actions.cpp(265): error C2664: 'void *Edif::Runtime::ReadGlobal(const TCHAR *)' : cannot convert parameter 1 from 'const char [15]' to 'const TCHAR *'
                 Types pointed to are unrelated; conversion requires reinterpret_cast, C-style cast or function-style cast
     1>Actions.cpp(265): error C2227: left of '->MostRecentDecreasedDeck' must point to class/struct/union/generic type
     1>Actions.cpp(266): error C2664: 'void *Edif::Runtime::ReadGlobal(const TCHAR *)' : cannot convert parameter 1 from 'const char [15]' to 'const TCHAR *'
                 Types pointed to are unrelated; conversion requires reinterpret_cast, C-style cast or function-style cast
     1>Actions.cpp(266): error C2227: left of '->MostRecentIncreasedDeck' must point to class/struct/union/generic type
     1>Actions.cpp(279): error C2664: 'void *Edif::Runtime::ReadGlobal(const TCHAR *)' : cannot convert parameter 1 from 'const char [15]' to 'const TCHAR *'
                 Types pointed to are unrelated; conversion requires reinterpret_cast, C-style cast or function-style cast
     1>Actions.cpp(279): error C2227: left of '->MostRecentEmptyDeck' must point to class/struct/union/generic type
     1>Actions.cpp(284): warning C4018: '>=' : signed/unsigned mismatch
     1>Actions.cpp(284): warning C4018: '>' : signed/unsigned mismatch
     1>Actions.cpp(311): error C2664: 'void *Edif::Runtime::ReadGlobal(const TCHAR *)' : cannot convert parameter 1 from 'const char [15]' to 'const TCHAR *'
                 Types pointed to are unrelated; conversion requires reinterpret_cast, C-style cast or function-style cast
     1>Actions.cpp(311): error C2227: left of '->DeckArrays' must point to class/struct/union/generic type
     1>Actions.cpp(311): error C2228: left of '.size' must have class/struct/union
     1>Actions.cpp(320): error C2664: 'void *Edif::Runtime::ReadGlobal(const TCHAR *)' : cannot convert parameter 1 from 'const char [15]' to 'const TCHAR *'
                 Types pointed to are unrelated; conversion requires reinterpret_cast, C-style cast or function-style cast
     1>Actions.cpp(320): error C2227: left of '->DeckArrays' must point to class/struct/union/generic type
     1>Actions.cpp(320): error C2228: left of '.at' must have class/struct/union
     1>Actions.cpp(321): error C2664: 'void *Edif::Runtime::ReadGlobal(const TCHAR *)' : cannot convert parameter 1 from 'const char [15]' to 'const TCHAR *'
                 Types pointed to are unrelated; conversion requires reinterpret_cast, C-style cast or function-style cast
     1>Actions.cpp(321): error C2227: left of '->DeckArrays' must point to class/struct/union/generic type
     1>Actions.cpp(321): error C2228: left of '.size' must have class/struct/union
     1>Actions.cpp(334): error C2664: 'void *Edif::Runtime::ReadGlobal(const TCHAR *)' : cannot convert parameter 1 from 'const char [15]' to 'const TCHAR *'
                 Types pointed to are unrelated; conversion requires reinterpret_cast, C-style cast or function-style cast
     1>Actions.cpp(334): error C2227: left of '->DeckArrays' must point to class/struct/union/generic type
     1>Actions.cpp(334): error C2228: left of '.size' must have class/struct/union
     1>Actions.cpp(343): error C2664: 'void *Edif::Runtime::ReadGlobal(const TCHAR *)' : cannot convert parameter 1 from 'const char [15]' to 'const TCHAR *'
                 Types pointed to are unrelated; conversion requires reinterpret_cast, C-style cast or function-style cast
     1>Actions.cpp(343): error C2227: left of '->DeckArrays' must point to class/struct/union/generic type
     1>Actions.cpp(343): error C2228: left of '.at' must have class/struct/union
     1>Actions.cpp(344): error C2664: 'void *Edif::Runtime::ReadGlobal(const TCHAR *)' : cannot convert parameter 1 from 'const char [15]' to 'const TCHAR *'
                 Types pointed to are unrelated; conversion requires reinterpret_cast, C-style cast or function-style cast
     1>Actions.cpp(344): error C2227: left of '->DeckArrays' must point to class/struct/union/generic type
     1>Actions.cpp(344): error C2228: left of '.size' must have class/struct/union
     1>Actions.cpp(367): warning C4244: 'argument' : conversion from 'time_t' to 'unsigned int', possible loss of data
     1>Actions.cpp(368): warning C4018: '<' : signed/unsigned mismatch
     1>Actions.cpp(379): error C2664: 'void *Edif::Runtime::ReadGlobal(const TCHAR *)' : cannot convert parameter 1 from 'const char [15]' to 'const TCHAR *'
                 Types pointed to are unrelated; conversion requires reinterpret_cast, C-style cast or function-style cast
     1>Actions.cpp(379): error C2227: left of '->MostRecentShuffledDeck' must point to class/struct/union/generic type
     1>Actions.cpp(399): error C2664: 'void *Edif::Runtime::ReadGlobal(const TCHAR *)' : cannot convert parameter 1 from 'const char [15]' to 'const TCHAR *'
                 Types pointed to are unrelated; conversion requires reinterpret_cast, C-style cast or function-style cast
     1>Actions.cpp(399): error C2227: left of '->DeckArrays' must point to class/struct/union/generic type
     1>Actions.cpp(399): error C2228: left of '.push_back' must have class/struct/union
     1>Actions.cpp(408): error C2664: 'void *Edif::Runtime::ReadGlobal(const TCHAR *)' : cannot convert parameter 1 from 'const char [15]' to 'const TCHAR *'
                 Types pointed to are unrelated; conversion requires reinterpret_cast, C-style cast or function-style cast
     1>Actions.cpp(408): error C2227: left of '->DeckArrays' must point to class/struct/union/generic type
     1>Actions.cpp(408): error C2228: left of '.size' must have class/struct/union
     1>Actions.cpp(410): error C2664: 'void *Edif::Runtime::ReadGlobal(const TCHAR *)' : cannot convert parameter 1 from 'const char [15]' to 'const TCHAR *'
                 Types pointed to are unrelated; conversion requires reinterpret_cast, C-style cast or function-style cast
     1>Actions.cpp(410): error C2227: left of '->DeckArrays' must point to class/struct/union/generic type
     1>Actions.cpp(410): error C2228: left of '.erase' must have class/struct/union
     1>Actions.cpp(410): error C2228: left of '.begin' must have class/struct/union
     1>Actions.cpp(411): error C2664: 'void *Edif::Runtime::ReadGlobal(const TCHAR *)' : cannot convert parameter 1 from 'const char [15]' to 'const TCHAR *'
                 Types pointed to are unrelated; conversion requires reinterpret_cast, C-style cast or function-style cast
     1>Actions.cpp(411): error C2227: left of '->DeckArrays' must point to class/struct/union/generic type
     1>Actions.cpp(411): error C2228: left of '.shrink_to_fit' must have class/struct/union
     1>Actions.cpp(436): warning C4018: '<' : signed/unsigned mismatch
     1>Actions.cpp(438): error C2664: 'void *Edif::Runtime::ReadGlobal(const TCHAR *)' : cannot convert parameter 1 from 'const char [15]' to 'const TCHAR *'
                 Types pointed to are unrelated; conversion requires reinterpret_cast, C-style cast or function-style cast
     1>Actions.cpp(438): error C2227: left of '->LastLoopDeck' must point to class/struct/union/generic type
     1>Actions.cpp(439): error C2664: 'void *Edif::Runtime::ReadGlobal(const TCHAR *)' : cannot convert parameter 1 from 'const char [15]' to 'const TCHAR *'
                 Types pointed to are unrelated; conversion requires reinterpret_cast, C-style cast or function-style cast
     1>Actions.cpp(439): error C2227: left of '->LastLoopCardValue' must point to class/struct/union/generic type
     1>Actions.cpp(440): error C2664: 'void *Edif::Runtime::ReadGlobal(const TCHAR *)' : cannot convert parameter 1 from 'const char [15]' to 'const TCHAR *'
                 Types pointed to are unrelated; conversion requires reinterpret_cast, C-style cast or function-style cast
     1>Actions.cpp(440): error C2227: left of '->LastLoopIndex' must point to class/struct/union/generic type
     1>Actions.cpp(445): error C2664: 'void *Edif::Runtime::ReadGlobal(const TCHAR *)' : cannot convert parameter 1 from 'const char [15]' to 'const TCHAR *'
                 Types pointed to are unrelated; conversion requires reinterpret_cast, C-style cast or function-style cast
     1>Actions.cpp(445): error C2227: left of '->LastLoopDeck' must point to class/struct/union/generic type
     1>Actions.cpp(446): error C2664: 'void *Edif::Runtime::ReadGlobal(const TCHAR *)' : cannot convert parameter 1 from 'const char [15]' to 'const TCHAR *'
                 Types pointed to are unrelated; conversion requires reinterpret_cast, C-style cast or function-style cast
     1>Actions.cpp(446): error C2227: left of '->LastLoopCardValue' must point to class/struct/union/generic type
     1>Actions.cpp(447): error C2664: 'void *Edif::Runtime::ReadGlobal(const TCHAR *)' : cannot convert parameter 1 from 'const char [15]' to 'const TCHAR *'
                 Types pointed to are unrelated; conversion requires reinterpret_cast, C-style cast or function-style cast
     1>Actions.cpp(447): error C2227: left of '->LastLoopIndex' must point to class/struct/union/generic type
         Conditions.cpp
     1>Conditions.cpp(39): error C2664: 'void *Edif::Runtime::ReadGlobal(const TCHAR *)' : cannot convert parameter 1 from 'const char [15]' to 'const TCHAR *'
                 Types pointed to are unrelated; conversion requires reinterpret_cast, C-style cast or function-style cast
     1>Conditions.cpp(39): error C2227: left of '->MostRecentEmptyDeck' must point to class/struct/union/generic type
     1>Conditions.cpp(51): error C2664: 'void *Edif::Runtime::ReadGlobal(const TCHAR *)' : cannot convert parameter 1 from 'const char [15]' to 'const TCHAR *'
                 Types pointed to are unrelated; conversion requires reinterpret_cast, C-style cast or function-style cast
     1>Conditions.cpp(51): error C2227: left of '->MostRecentDecreasedDeck' must point to class/struct/union/generic type
     1>Conditions.cpp(63): error C2664: 'void *Edif::Runtime::ReadGlobal(const TCHAR *)' : cannot convert parameter 1 from 'const char [15]' to 'const TCHAR *'
                 Types pointed to are unrelated; conversion requires reinterpret_cast, C-style cast or function-style cast
     1>Conditions.cpp(63): error C2227: left of '->MostRecentIncreasedDeck' must point to class/struct/union/generic type
     1>Conditions.cpp(81): error C2664: 'void *Edif::Runtime::ReadGlobal(const TCHAR *)' : cannot convert parameter 1 from 'const char [15]' to 'const TCHAR *'
                 Types pointed to are unrelated; conversion requires reinterpret_cast, C-style cast or function-style cast
     1>Conditions.cpp(81): error C2227: left of '->MostRecentShuffledDeck' must point to class/struct/union/generic type
     1>Conditions.cpp(93): error C2664: 'void *Edif::Runtime::ReadGlobal(const TCHAR *)' : cannot convert parameter 1 from 'const char [15]' to 'const TCHAR *'
                 Types pointed to are unrelated; conversion requires reinterpret_cast, C-style cast or function-style cast
     1>Conditions.cpp(93): error C2227: left of '->LastLoopDeck' must point to class/struct/union/generic type
         Expressions.cpp
     1>Expressions.cpp(19): warning C4018: '<=' : signed/unsigned mismatch
     1>Expressions.cpp(24): warning C4018: '>' : signed/unsigned mismatch
     1>Expressions.cpp(110): error C2664: 'Edif::Runtime::CopyString' : cannot convert parameter 1 from 'const char *' to 'const TCHAR *'
                 Types pointed to are unrelated; conversion requires reinterpret_cast, C-style cast or function-style cast
     1>Expressions.cpp(154): error C2664: 'Edif::Runtime::CopyString' : cannot convert parameter 1 from 'const char *' to 'const TCHAR *'
                 Types pointed to are unrelated; conversion requires reinterpret_cast, C-style cast or function-style cast
     1>Expressions.cpp(243): error C2664: 'Edif::Runtime::CopyString' : cannot convert parameter 1 from 'const char *' to 'const TCHAR *'
                 Types pointed to are unrelated; conversion requires reinterpret_cast, C-style cast or function-style cast
     1>Expressions.cpp(297): error C2664: 'Edif::Runtime::CopyString' : cannot convert parameter 1 from 'const char *' to 'const TCHAR *'
                 Types pointed to are unrelated; conversion requires reinterpret_cast, C-style cast or function-style cast
     1>Expressions.cpp(325): error C2664: 'Edif::Runtime::CopyString' : cannot convert parameter 1 from 'const char *' to 'const TCHAR *'
                 Types pointed to are unrelated; conversion requires reinterpret_cast, C-style cast or function-style cast
     1>Expressions.cpp(398): error C2664: 'Edif::Runtime::CopyString' : cannot convert parameter 1 from 'const char *' to 'const TCHAR *'
                 Types pointed to are unrelated; conversion requires reinterpret_cast, C-style cast or function-style cast
     1>Expressions.cpp(407): error C2664: 'void *Edif::Runtime::ReadGlobal(const TCHAR *)' : cannot convert parameter 1 from 'const char [15]' to 'const TCHAR *'
                 Types pointed to are unrelated; conversion requires reinterpret_cast, C-style cast or function-style cast
     1>Expressions.cpp(407): error C2227: left of '->DeckArrays' must point to class/struct/union/generic type
     1>Expressions.cpp(407): error C2228: left of '.at' must have class/struct/union
     1>Expressions.cpp(411): error C2664: 'void *Edif::Runtime::ReadGlobal(const TCHAR *)' : cannot convert parameter 1 from 'const char [15]' to 'const TCHAR *'
                 Types pointed to are unrelated; conversion requires reinterpret_cast, C-style cast or function-style cast
     1>Expressions.cpp(411): error C2227: left of '->DeckArrays' must point to class/struct/union/generic type
     1>Expressions.cpp(411): error C2228: left of '.size' must have class/struct/union
     1>Expressions.cpp(415): error C2664: 'void *Edif::Runtime::ReadGlobal(const TCHAR *)' : cannot convert parameter 1 from 'const char [15]' to 'const TCHAR *'
                 Types pointed to are unrelated; conversion requires reinterpret_cast, C-style cast or function-style cast
     1>Expressions.cpp(415): error C2227: left of '->LastLoopCardValue' must point to class/struct/union/generic type
     1>Expressions.cpp(419): error C2664: 'void *Edif::Runtime::ReadGlobal(const TCHAR *)' : cannot convert parameter 1 from 'const char [15]' to 'const TCHAR *'
                 Types pointed to are unrelated; conversion requires reinterpret_cast, C-style cast or function-style cast
     1>Expressions.cpp(419): error C2227: left of '->LastLoopDeck' must point to class/struct/union/generic type
     1>Expressions.cpp(423): error C2664: 'void *Edif::Runtime::ReadGlobal(const TCHAR *)' : cannot convert parameter 1 from 'const char [15]' to 'const TCHAR *'
                 Types pointed to are unrelated; conversion requires reinterpret_cast, C-style cast or function-style cast
     1>Expressions.cpp(423): error C2227: left of '->LastLoopIndex' must point to class/struct/union/generic type
         Generating Code...
     1>Done Building Project "C:\Users\Xable\Google Drive\MMF2 Extensions\Xable Card Object\Extensions\Template\Template.vcxproj" (Build target(s)) -- FAILED.

Build FAILED.

Time Elapsed 00:00:04.21
