C:\USERS\XABLE\GOOGLE DRIVE\MMF2 EXTENSIONS\XABLE CARD OBJECT\EXTENSIONS\TEMPLATE\RELEASERUNTIMEUNICODE\PROPERTIES.OBJ
C:\USERS\XABLE\GOOGLE DRIVE\MMF2 EXTENSIONS\XABLE CARD OBJECT\EXTENSIONS\TEMPLATE\RELEASERUNTIMEUNICODE\OBJECTSELECTION.OBJ
C:\USERS\XABLE\GOOGLE DRIVE\MMF2 EXTENSIONS\XABLE CARD OBJECT\EXTENSIONS\TEMPLATE\RELEASERUNTIMEUNICODE\EDIF.RUNTIME.OBJ
C:\USERS\XABLE\GOOGLE DRIVE\MMF2 EXTENSIONS\XABLE CARD OBJECT\EXTENSIONS\TEMPLATE\RELEASERUNTIMEUNICODE\EDIF.GENERAL.OBJ
C:\USERS\XABLE\GOOGLE DRIVE\MMF2 EXTENSIONS\XABLE CARD OBJECT\EXTENSIONS\TEMPLATE\RELEASERUNTIMEUNICODE\EDIF.EDITTIME.OBJ
C:\USERS\XABLE\GOOGLE DRIVE\MMF2 EXTENSIONS\XABLE CARD OBJECT\EXTENSIONS\TEMPLATE\RELEASERUNTIMEUNICODE\EDIF.OBJ
C:\USERS\XABLE\GOOGLE DRIVE\MMF2 EXTENSIONS\XABLE CARD OBJECT\EXTENSIONS\TEMPLATE\RELEASERUNTIMEUNICODE\EXTENSION.OBJ
C:\USERS\XABLE\GOOGLE DRIVE\MMF2 EXTENSIONS\XABLE CARD OBJECT\EXTENSIONS\TEMPLATE\RELEASERUNTIMEUNICODE\TEXT.OBJ
C:\USERS\XABLE\GOOGLE DRIVE\MMF2 EXTENSIONS\XABLE CARD OBJECT\EXTENSIONS\TEMPLATE\RELEASERUNTIMEUNICODE\DEBUGGER.OBJ
C:\USERS\XABLE\GOOGLE DRIVE\MMF2 EXTENSIONS\XABLE CARD OBJECT\EXTENSIONS\TEMPLATE\RELEASERUNTIMEUNICODE\GENERAL.OBJ
C:\USERS\XABLE\GOOGLE DRIVE\MMF2 EXTENSIONS\XABLE CARD OBJECT\EXTENSIONS\TEMPLATE\RELEASERUNTIMEUNICODE\TEXTPROPS.OBJ
C:\USERS\XABLE\GOOGLE DRIVE\MMF2 EXTENSIONS\XABLE CARD OBJECT\EXTENSIONS\TEMPLATE\RELEASERUNTIMEUNICODE\EDITTIME.OBJ
C:\USERS\XABLE\GOOGLE DRIVE\MMF2 EXTENSIONS\XABLE CARD OBJECT\EXTENSIONS\TEMPLATE\RELEASERUNTIMEUNICODE\CUSTOMPARAMS.OBJ
C:\Users\Xable\Google Drive\MMF2 Extensions\Xable Card Object\Extensions\Template\ReleaseRuntimeUnicode\CustomParams.obj
C:\Users\Xable\Google Drive\MMF2 Extensions\Xable Card Object\Extensions\Template\ReleaseRuntimeUnicode\Debugger.obj
C:\Users\Xable\Google Drive\MMF2 Extensions\Xable Card Object\Extensions\Template\ReleaseRuntimeUnicode\Edif.Edittime.obj
C:\Users\Xable\Google Drive\MMF2 Extensions\Xable Card Object\Extensions\Template\ReleaseRuntimeUnicode\Edif.General.obj
C:\Users\Xable\Google Drive\MMF2 Extensions\Xable Card Object\Extensions\Template\ReleaseRuntimeUnicode\Edif.obj
C:\Users\Xable\Google Drive\MMF2 Extensions\Xable Card Object\Extensions\Template\ReleaseRuntimeUnicode\Edif.Runtime.obj
C:\Users\Xable\Google Drive\MMF2 Extensions\Xable Card Object\Extensions\Template\ReleaseRuntimeUnicode\Edittime.obj
C:\Users\Xable\Google Drive\MMF2 Extensions\Xable Card Object\Extensions\Template\ReleaseRuntimeUnicode\Extension.obj
C:\Users\Xable\Google Drive\MMF2 Extensions\Xable Card Object\Extensions\Template\ReleaseRuntimeUnicode\General.obj
C:\Users\Xable\Google Drive\MMF2 Extensions\Xable Card Object\Extensions\Template\ReleaseRuntimeUnicode\ObjectSelection.obj
C:\Users\Xable\Google Drive\MMF2 Extensions\Xable Card Object\Extensions\Template\ReleaseRuntimeUnicode\Properties.obj
C:\Users\Xable\Google Drive\MMF2 Extensions\Xable Card Object\Extensions\Template\ReleaseRuntimeUnicode\Text.obj
C:\Users\Xable\Google Drive\MMF2 Extensions\Xable Card Object\Extensions\Template\ReleaseRuntimeUnicode\TextProps.obj
C:\Users\Xable\Google Drive\MMF2 Extensions\Xable Card Object\Extensions\Template\ReleaseRuntimeUnicode\cl.command.1.tlog
C:\Users\Xable\Google Drive\MMF2 Extensions\Xable Card Object\Extensions\Template\ReleaseRuntimeUnicode\CL.read.1.tlog
C:\Users\Xable\Google Drive\MMF2 Extensions\Xable Card Object\Extensions\Template\ReleaseRuntimeUnicode\CL.write.1.tlog
C:\Users\Xable\Google Drive\MMF2 Extensions\Xable Card Object\Extensions\Template\ReleaseRuntimeUnicode\vc110.pdb
