C:\USERS\SAMUEL BENTON\GOOGLE DRIVE\MMF2 EXTENSIONS\XABLE SESSION TIMER\EXTENSIONS\TEMPLATE\RELEASEEDITORUNICODE\OBJECTSELECTION.OBJ
C:\USERS\SAMUEL BENTON\GOOGLE DRIVE\MMF2 EXTENSIONS\XABLE SESSION TIMER\EXTENSIONS\TEMPLATE\RELEASEEDITORUNICODE\EDIF.RUNTIME.OBJ
C:\USERS\SAMUEL BENTON\GOOGLE DRIVE\MMF2 EXTENSIONS\XABLE SESSION TIMER\EXTENSIONS\TEMPLATE\RELEASEEDITORUNICODE\EDIF.GENERAL.OBJ
C:\USERS\SAMUEL BENTON\GOOGLE DRIVE\MMF2 EXTENSIONS\XABLE SESSION TIMER\EXTENSIONS\TEMPLATE\RELEASEEDITORUNICODE\EDIF.EDITTIME.OBJ
C:\USERS\SAMUEL BENTON\GOOGLE DRIVE\MMF2 EXTENSIONS\XABLE SESSION TIMER\EXTENSIONS\TEMPLATE\RELEASEEDITORUNICODE\EDIF.OBJ
C:\USERS\SAMUEL BENTON\GOOGLE DRIVE\MMF2 EXTENSIONS\XABLE SESSION TIMER\EXTENSIONS\TEMPLATE\RELEASEEDITORUNICODE\TEXT.OBJ
C:\USERS\SAMUEL BENTON\GOOGLE DRIVE\MMF2 EXTENSIONS\XABLE SESSION TIMER\EXTENSIONS\TEMPLATE\RELEASEEDITORUNICODE\DEBUGGER.OBJ
C:\USERS\SAMUEL BENTON\GOOGLE DRIVE\MMF2 EXTENSIONS\XABLE SESSION TIMER\EXTENSIONS\TEMPLATE\RELEASEEDITORUNICODE\GENERAL.OBJ
C:\USERS\SAMUEL BENTON\GOOGLE DRIVE\MMF2 EXTENSIONS\XABLE SESSION TIMER\EXTENSIONS\TEMPLATE\RELEASEEDITORUNICODE\TEXTPROPS.OBJ
C:\USERS\SAMUEL BENTON\GOOGLE DRIVE\MMF2 EXTENSIONS\XABLE SESSION TIMER\EXTENSIONS\TEMPLATE\RELEASEEDITORUNICODE\PROPERTIES.OBJ
C:\USERS\SAMUEL BENTON\GOOGLE DRIVE\MMF2 EXTENSIONS\XABLE SESSION TIMER\EXTENSIONS\TEMPLATE\RELEASEEDITORUNICODE\EDITTIME.OBJ
C:\USERS\SAMUEL BENTON\GOOGLE DRIVE\MMF2 EXTENSIONS\XABLE SESSION TIMER\EXTENSIONS\TEMPLATE\RELEASEEDITORUNICODE\CUSTOMPARAMS.OBJ
C:\USERS\XABLE\GOOGLE DRIVE\MMF2 EXTENSIONS\XABLE SESSION TIMER\EXTENSIONS\TEMPLATE\RELEASEEDITORUNICODE\OBJECTSELECTION.OBJ
C:\USERS\XABLE\GOOGLE DRIVE\MMF2 EXTENSIONS\XABLE SESSION TIMER\EXTENSIONS\TEMPLATE\RELEASEEDITORUNICODE\EDIF.RUNTIME.OBJ
C:\USERS\XABLE\GOOGLE DRIVE\MMF2 EXTENSIONS\XABLE SESSION TIMER\EXTENSIONS\TEMPLATE\RELEASEEDITORUNICODE\EDIF.GENERAL.OBJ
C:\USERS\XABLE\GOOGLE DRIVE\MMF2 EXTENSIONS\XABLE SESSION TIMER\EXTENSIONS\TEMPLATE\RELEASEEDITORUNICODE\EDIF.EDITTIME.OBJ
C:\USERS\XABLE\GOOGLE DRIVE\MMF2 EXTENSIONS\XABLE SESSION TIMER\EXTENSIONS\TEMPLATE\RELEASEEDITORUNICODE\EDIF.OBJ
C:\USERS\XABLE\GOOGLE DRIVE\MMF2 EXTENSIONS\XABLE SESSION TIMER\EXTENSIONS\TEMPLATE\RELEASEEDITORUNICODE\TEXT.OBJ
C:\USERS\XABLE\GOOGLE DRIVE\MMF2 EXTENSIONS\XABLE SESSION TIMER\EXTENSIONS\TEMPLATE\RELEASEEDITORUNICODE\DEBUGGER.OBJ
C:\USERS\XABLE\GOOGLE DRIVE\MMF2 EXTENSIONS\XABLE SESSION TIMER\EXTENSIONS\TEMPLATE\RELEASEEDITORUNICODE\GENERAL.OBJ
C:\USERS\XABLE\GOOGLE DRIVE\MMF2 EXTENSIONS\XABLE SESSION TIMER\EXTENSIONS\TEMPLATE\RELEASEEDITORUNICODE\TEXTPROPS.OBJ
C:\USERS\XABLE\GOOGLE DRIVE\MMF2 EXTENSIONS\XABLE SESSION TIMER\EXTENSIONS\TEMPLATE\RELEASEEDITORUNICODE\PROPERTIES.OBJ
C:\USERS\XABLE\GOOGLE DRIVE\MMF2 EXTENSIONS\XABLE SESSION TIMER\EXTENSIONS\TEMPLATE\RELEASEEDITORUNICODE\EDITTIME.OBJ
C:\USERS\XABLE\GOOGLE DRIVE\MMF2 EXTENSIONS\XABLE SESSION TIMER\EXTENSIONS\TEMPLATE\RELEASEEDITORUNICODE\CUSTOMPARAMS.OBJ
C:\Users\Xable\Google Drive\MMF2 Extensions\Xable Session Timer\Extensions\Template\ReleaseEditorUnicode\CustomParams.obj
C:\Users\Xable\Google Drive\MMF2 Extensions\Xable Session Timer\Extensions\Template\ReleaseEditorUnicode\Debugger.obj
C:\Users\Xable\Google Drive\MMF2 Extensions\Xable Session Timer\Extensions\Template\ReleaseEditorUnicode\Edif.Edittime.obj
C:\Users\Xable\Google Drive\MMF2 Extensions\Xable Session Timer\Extensions\Template\ReleaseEditorUnicode\Edif.General.obj
C:\Users\Xable\Google Drive\MMF2 Extensions\Xable Session Timer\Extensions\Template\ReleaseEditorUnicode\Edif.obj
C:\Users\Xable\Google Drive\MMF2 Extensions\Xable Session Timer\Extensions\Template\ReleaseEditorUnicode\Edif.Runtime.obj
C:\Users\Xable\Google Drive\MMF2 Extensions\Xable Session Timer\Extensions\Template\ReleaseEditorUnicode\Edittime.obj
C:\Users\Xable\Google Drive\MMF2 Extensions\Xable Session Timer\Extensions\Template\ReleaseEditorUnicode\General.obj
C:\Users\Xable\Google Drive\MMF2 Extensions\Xable Session Timer\Extensions\Template\ReleaseEditorUnicode\ObjectSelection.obj
C:\Users\Xable\Google Drive\MMF2 Extensions\Xable Session Timer\Extensions\Template\ReleaseEditorUnicode\Properties.obj
C:\Users\Xable\Google Drive\MMF2 Extensions\Xable Session Timer\Extensions\Template\ReleaseEditorUnicode\Text.obj
C:\Users\Xable\Google Drive\MMF2 Extensions\Xable Session Timer\Extensions\Template\ReleaseEditorUnicode\TextProps.obj
C:\Users\Xable\Google Drive\MMF2 Extensions\Xable Session Timer\Extensions\Template\ReleaseEditorUnicode\cl.command.1.tlog
C:\Users\Xable\Google Drive\MMF2 Extensions\Xable Session Timer\Extensions\Template\ReleaseEditorUnicode\CL.read.1.tlog
C:\Users\Xable\Google Drive\MMF2 Extensions\Xable Session Timer\Extensions\Template\ReleaseEditorUnicode\CL.write.1.tlog
C:\Users\Xable\Google Drive\MMF2 Extensions\Xable Session Timer\Extensions\Template\ReleaseEditorUnicode\vc110.pdb
